# JRE version: OpenJDK Runtime Environment Corretto-17.0.5.8.1 (17.0.5+8) (build 17.0.5+8-LTS)
# Java VM: OpenJDK 64-Bit Server VM Corretto-17.0.5.8.1 (17.0.5+8-LTS, mixed mode, sharing, tiered, compressed oops, compressed class ptrs, g1 gc, bsd-amd64)
GC Precious Log:
 CPUs: 8 total, 8 available
 Memory: 16384M
 Large Page Support: Disabled
 NUMA Support: Disabled
 Compressed Oops: Enabled (Zero based)
 Heap Region Size: 1M
 Heap Min Capacity: 8M
 Heap Initial Capacity: 256M
 Heap Max Capacity: 512M
 Pre-touch: Disabled
 Parallel Workers: 8
 Concurrent Workers: 2
 Concurrent Refinement Workers: 8
 Periodic GC: Disabled
Heap:
 garbage-first heap   total 78848K, used 54000K [0x00000007e0000000, 0x0000000800000000)
  region size 1024K, 36 young (36864K), 2 survivors (2048K)
 Metaspace       used 37988K, committed 38336K, reserved 1089536K
  class space    used 4754K, committed 4928K, reserved 1048576K
GC Heap History (20 events):
Event: 4.129 GC heap before
{Heap before GC invocations=5 (full 0):
 garbage-first heap   total 45056K, used 30767K [0x00000007e0000000, 0x0000000800000000)
  region size 1024K, 28 young (28672K), 8 survivors (8192K)
 Metaspace       used 22153K, committed 22464K, reserved 1073152K
  class space    used 2609K, committed 2752K, reserved 1048576K
}
Event: 4.140 GC heap after
{Heap after GC invocations=6 (full 0):
 garbage-first heap   total 45056K, used 12259K [0x00000007e0000000, 0x0000000800000000)
  region size 1024K, 4 young (4096K), 4 survivors (4096K)
 Metaspace       used 22153K, committed 22464K, reserved 1073152K
  class space    used 2609K, committed 2752K, reserved 1048576K
}
Event: 4.151 GC heap before
{Heap before GC invocations=6 (full 0):
 garbage-first heap   total 45056K, used 13283K [0x00000007e0000000, 0x0000000800000000)
  region size 1024K, 5 young (5120K), 4 survivors (4096K)
 Metaspace       used 22239K, committed 22464K, reserved 1073152K
  class space    used 2622K, committed 2752K, reserved 1048576K
}
Event: 4.154 GC heap after
{Heap after GC invocations=7 (full 0):
 garbage-first heap   total 45056K, used 12663K [0x00000007e0000000, 0x0000000800000000)
  region size 1024K, 1 young (1024K), 1 survivors (1024K)
 Metaspace       used 22239K, committed 22464K, reserved 1073152K
  class space    used 2622K, committed 2752K, reserved 1048576K
}
Event: 4.319 GC heap before
{Heap before GC invocations=7 (full 0):
 garbage-first heap   total 45056K, used 33143K [0x00000007e0000000, 0x0000000800000000)
  region size 1024K, 21 young (21504K), 1 survivors (1024K)
 Metaspace       used 23199K, committed 23488K, reserved 1073152K
  class space    used 2818K, committed 2944K, reserved 1048576K
}
Event: 4.321 GC heap after
{Heap after GC invocations=8 (full 0):
 garbage-first heap   total 45056K, used 13131K [0x00000007e0000000, 0x0000000800000000)
  region size 1024K, 2 young (2048K), 2 survivors (2048K)
 Metaspace       used 23199K, committed 23488K, reserved 1073152K
  class space    used 2818K, committed 2944K, reserved 1048576K
}
Event: 4.472 GC heap before
{Heap before GC invocations=8 (full 0):
 garbage-first heap   total 45056K, used 32587K [0x00000007e0000000, 0x0000000800000000)
  region size 1024K, 21 young (21504K), 2 survivors (2048K)
 Metaspace       used 24424K, committed 24640K, reserved 1073152K
  class space    used 2976K, committed 3072K, reserved 1048576K
}
Event: 4.473 GC heap after
{Heap after GC invocations=9 (full 0):
 garbage-first heap   total 45056K, used 12917K [0x00000007e0000000, 0x0000000800000000)
  region size 1024K, 1 young (1024K), 1 survivors (1024K)
 Metaspace       used 24424K, committed 24640K, reserved 1073152K
  class space    used 2976K, committed 3072K, reserved 1048576K
}
Event: 4.648 GC heap before
{Heap before GC invocations=9 (full 0):
 garbage-first heap   total 45056K, used 33397K [0x00000007e0000000, 0x0000000800000000)
  region size 1024K, 21 young (21504K), 1 survivors (1024K)
 Metaspace       used 25848K, committed 26176K, reserved 1073152K
  class space    used 3245K, committed 3392K, reserved 1048576K
}
Event: 4.649 GC heap after
{Heap after GC invocations=10 (full 0):
 garbage-first heap   total 45056K, used 13356K [0x00000007e0000000, 0x0000000800000000)
  region size 1024K, 2 young (2048K), 2 survivors (2048K)
 Metaspace       used 25848K, committed 26176K, reserved 1073152K
  class space    used 3245K, committed 3392K, reserved 1048576K
}
Event: 4.884 GC heap before
{Heap before GC invocations=10 (full 0):
 garbage-first heap   total 45056K, used 33836K [0x00000007e0000000, 0x0000000800000000)
  region size 1024K, 22 young (22528K), 2 survivors (2048K)
 Metaspace       used 27442K, committed 27776K, reserved 1073152K
  class space    used 3492K, committed 3648K, reserved 1048576K
}
Event: 4.886 GC heap after
{Heap after GC invocations=11 (full 0):
 garbage-first heap   total 45056K, used 14283K [0x00000007e0000000, 0x0000000800000000)
  region size 1024K, 3 young (3072K), 3 survivors (3072K)
 Metaspace       used 27442K, committed 27776K, reserved 1073152K
  class space    used 3492K, committed 3648K, reserved 1048576K
}
Event: 5.044 GC heap before
{Heap before GC invocations=11 (full 0):
 garbage-first heap   total 45056K, used 34763K [0x00000007e0000000, 0x0000000800000000)
  region size 1024K, 22 young (22528K), 3 survivors (3072K)
 Metaspace       used 28509K, committed 28800K, reserved 1081344K
  class space    used 3609K, committed 3776K, reserved 1048576K
}
Event: 5.047 GC heap after
{Heap after GC invocations=12 (full 0):
 garbage-first heap   total 45056K, used 17135K [0x00000007e0000000, 0x0000000800000000)
  region size 1024K, 3 young (3072K), 3 survivors (3072K)
 Metaspace       used 28509K, committed 28800K, reserved 1081344K
  class space    used 3609K, committed 3776K, reserved 1048576K
}
Event: 6.628 GC heap before
{Heap before GC invocations=12 (full 0):
 garbage-first heap   total 45056K, used 34543K [0x00000007e0000000, 0x0000000800000000)
  region size 1024K, 20 young (20480K), 3 survivors (3072K)
 Metaspace       used 30073K, committed 30336K, reserved 1081344K
  class space    used 3760K, committed 3904K, reserved 1048576K
}
Event: 6.631 GC heap after
{Heap after GC invocations=13 (full 0):
 garbage-first heap   total 45056K, used 19021K [0x00000007e0000000, 0x0000000800000000)
  region size 1024K, 3 young (3072K), 3 survivors (3072K)
 Metaspace       used 30073K, committed 30336K, reserved 1081344K
  class space    used 3760K, committed 3904K, reserved 1048576K
}
Event: 6.736 GC heap before
{Heap before GC invocations=13 (full 0):
 garbage-first heap   total 45056K, used 34381K [0x00000007e0000000, 0x0000000800000000)
  region size 1024K, 18 young (18432K), 3 survivors (3072K)
 Metaspace       used 31042K, committed 31360K, reserved 1081344K
  class space    used 3989K, committed 4160K, reserved 1048576K
}
Event: 6.739 GC heap after
{Heap after GC invocations=14 (full 0):
 garbage-first heap   total 45056K, used 19508K [0x00000007e0000000, 0x0000000800000000)
  region size 1024K, 1 young (1024K), 1 survivors (1024K)
 Metaspace       used 31042K, committed 31360K, reserved 1081344K
  class space    used 3989K, committed 4160K, reserved 1048576K
}
Event: 8.265 GC heap before
{Heap before GC invocations=14 (full 0):
 garbage-first heap   total 45056K, used 34868K [0x00000007e0000000, 0x0000000800000000)
  region size 1024K, 16 young (16384K), 1 survivors (1024K)
 Metaspace       used 31937K, committed 32320K, reserved 1081344K
  class space    used 4105K, committed 4288K, reserved 1048576K
}
Event: 8.268 GC heap after
{Heap after GC invocations=15 (full 0):
 garbage-first heap   total 153600K, used 21232K [0x00000007e0000000, 0x0000000800000000)
  region size 1024K, 2 young (2048K), 2 survivors (2048K)
 Metaspace       used 31937K, committed 32320K, reserved 1081344K
  class space    used 4105K, committed 4288K, reserved 1048576K
}

